<?xml version="1.0" encoding="UTF-8"?>
<testsuites name="jest tests" tests="20" failures="20" errors="0" time="1.61">
  <testsuite name="Enhanced Audit Logging Integration Tests" errors="0" failures="20" skipped="0" timestamp="2025-10-02T23:01:38" time="1.577" tests="20">
    <testcase classname="Enhanced Audit Logging Integration Tests › User Activity Tracking" name="should get user activity logs" time="0">
      <failure></failure>
    </testcase>
    <testcase classname="Enhanced Audit Logging Integration Tests › User Activity Tracking" name="should filter user activities by date range" time="0">
      <failure></failure>
    </testcase>
    <testcase classname="Enhanced Audit Logging Integration Tests › User Activity Tracking" name="should filter user activities by action type" time="0">
      <failure></failure>
    </testcase>
    <testcase classname="Enhanced Audit Logging Integration Tests › User Activity Tracking" name="should get user activity summary" time="0">
      <failure></failure>
    </testcase>
    <testcase classname="Enhanced Audit Logging Integration Tests › Session Management" name="should get active sessions" time="0">
      <failure></failure>
    </testcase>
    <testcase classname="Enhanced Audit Logging Integration Tests › Session Management" name="should revoke a specific session" time="0">
      <failure></failure>
    </testcase>
    <testcase classname="Enhanced Audit Logging Integration Tests › Session Management" name="should revoke all sessions for a user" time="0">
      <failure></failure>
    </testcase>
    <testcase classname="Enhanced Audit Logging Integration Tests › Suspicious Activity Detection" name="should detect suspicious activities" time="0">
      <failure></failure>
    </testcase>
    <testcase classname="Enhanced Audit Logging Integration Tests › Suspicious Activity Detection" name="should filter suspicious activities by severity" time="0">
      <failure></failure>
    </testcase>
    <testcase classname="Enhanced Audit Logging Integration Tests › Suspicious Activity Detection" name="should get suspicious activity patterns" time="0">
      <failure></failure>
    </testcase>
    <testcase classname="Enhanced Audit Logging Integration Tests › Security Metrics" name="should get security metrics overview" time="0">
      <failure></failure>
    </testcase>
    <testcase classname="Enhanced Audit Logging Integration Tests › Security Metrics" name="should get login security metrics" time="0">
      <failure></failure>
    </testcase>
    <testcase classname="Enhanced Audit Logging Integration Tests › Security Metrics" name="should get access control metrics" time="0">
      <failure></failure>
    </testcase>
    <testcase classname="Enhanced Audit Logging Integration Tests › Security Metrics" name="should get compliance metrics" time="0">
      <failure></failure>
    </testcase>
    <testcase classname="Enhanced Audit Logging Integration Tests › Audit Log Export" name="should export audit logs in CSV format" time="0.001">
      <failure></failure>
    </testcase>
    <testcase classname="Enhanced Audit Logging Integration Tests › Audit Log Export" name="should export audit logs in JSON format" time="0">
      <failure></failure>
    </testcase>
    <testcase classname="Enhanced Audit Logging Integration Tests › Real-time Audit Streaming" name="should get real-time audit stream configuration" time="0">
      <failure></failure>
    </testcase>
    <testcase classname="Enhanced Audit Logging Integration Tests › Real-time Audit Streaming" name="should update audit stream configuration" time="0">
      <failure></failure>
    </testcase>
    <testcase classname="Enhanced Audit Logging Integration Tests › Access Control and Authorization" name="should reject unauthorized access to audit endpoints" time="0">
      <failure></failure>
    </testcase>
    <testcase classname="Enhanced Audit Logging Integration Tests › Access Control and Authorization" name="should enforce role-based access to sensitive audit data" time="0">
      <failure></failure>
    </testcase>
  </testsuite>
</testsuites>